123Array
(
    [name] => 
    [key] => 
    [token] => 
    [proxy] => 
    [cookie] => 
    [speed_to] => 
    [period] => 3
    [limit_per_day] => 
    [user_id] => 
    [country] => au
    [type] => 3
    [quantity] => 1
    [target] => 
    [time_end] => 
    [time_start] => 
    [time] => 3
    [limit_post] => 
    [speed_from] => 
    [uids[profile]] => 0
    [uids[group]] => 0
    [uids[page]] => 0
    [black_list] => 
    [reaction_type] => 
    [stories_enable] => 
    [story_reaction_type] => 
    [comment_enable] => 
    [content] => 
    [sticker] => 
    [images] => 
    [image_link] => 
    [image_auto_custom_text] => 
    [notes] => 
)
Array
(
    [name] => 
    [key] => 
    [token] => 
    [proxy] => 
    [cookie] => 
    [speed_to] => 
    [period] => 3
    [limit_per_day] => 
    [user_id] => 
    [country] => au
    [type] => 3
    [quantity] => 1
    [target] => 
    [time_end] => 
    [time_start] => 
    [time] => 3
    [limit_post] => 
    [speed_from] => 
    [uids[profile]] => 0
    [uids[group]] => 0
    [uids[page]] => 0
    [black_list] => 
    [reaction_type] => 
    [stories_enable] => 
    [story_reaction_type] => 
    [comment_enable] => 
    [content] => 
    [sticker] => 
    [images] => 
    [image_link] => 
    [image_auto_custom_text] => 
    [notes] => 
)
Array
(
    [name] => 
    [key] => 
    [token] => 
    [proxy] => 
    [cookie] => 
    [speed_to] => 
    [period] => 3
    [limit_per_day] => 
    [user_id] => 
    [country] => au
    [type] => 3
    [quantity] => 1
    [target] => 
    [time_end] => 
    [time_start] => 
    [time] => 3
    [limit_post] => 
    [speed_from] => 
    [uids[profile]] => 0
    [uids[group]] => 0
    [uids[page]] => 0
    [black_list] => 
    [reaction_type] => 
    [stories_enable] => 
    [story_reaction_type] => 
    [comment_enable] => 
    [content] => 
    [sticker] => 
    [images] => 
    [image_link] => 
    [image_auto_custom_text] => 
    [notes] => 
)
